<?xml version="1.0" encoding="UTF-8"?>
<!-- Generated by org.testng.reporters.JUnitReportReporter -->
<testsuite skipped="0" hostname="INBAGHPC01202" name="com.test.runners.ChromeRunner" tests="53" failures="0" timestamp="18 Jan 2018 08:00:48 GMT" time="0.360" errors="0">
  <testcase name="feature" time="0.007" classname="com.test.runners.ChromeRunner"/>
  <testcase name="feature" time="0.005" classname="com.test.runners.ChromeRunner"/>
  <testcase name="feature" time="0.005" classname="com.test.runners.ChromeRunner"/>
  <testcase name="feature" time="0.006" classname="com.test.runners.ChromeRunner"/>
  <testcase name="feature" time="0.007" classname="com.test.runners.ChromeRunner"/>
  <testcase name="feature" time="0.006" classname="com.test.runners.ChromeRunner"/>
  <testcase name="feature" time="0.010" classname="com.test.runners.ChromeRunner"/>
  <testcase name="feature" time="0.004" classname="com.test.runners.ChromeRunner"/>
  <testcase name="feature" time="0.006" classname="com.test.runners.ChromeRunner"/>
  <testcase name="feature" time="0.005" classname="com.test.runners.ChromeRunner"/>
  <testcase name="feature" time="0.005" classname="com.test.runners.ChromeRunner"/>
  <testcase name="feature" time="0.006" classname="com.test.runners.ChromeRunner"/>
  <testcase name="feature" time="0.005" classname="com.test.runners.ChromeRunner"/>
  <testcase name="feature" time="0.005" classname="com.test.runners.ChromeRunner"/>
  <testcase name="feature" time="0.007" classname="com.test.runners.ChromeRunner"/>
  <testcase name="feature" time="0.009" classname="com.test.runners.ChromeRunner"/>
  <testcase name="feature" time="0.004" classname="com.test.runners.ChromeRunner"/>
  <testcase name="feature" time="0.005" classname="com.test.runners.ChromeRunner"/>
  <testcase name="feature" time="0.004" classname="com.test.runners.ChromeRunner"/>
  <testcase name="feature" time="0.003" classname="com.test.runners.ChromeRunner"/>
  <testcase name="feature" time="0.011" classname="com.test.runners.ChromeRunner"/>
  <testcase name="feature" time="0.012" classname="com.test.runners.ChromeRunner"/>
  <testcase name="feature" time="0.014" classname="com.test.runners.ChromeRunner"/>
  <testcase name="feature" time="0.005" classname="com.test.runners.ChromeRunner"/>
  <testcase name="feature" time="0.002" classname="com.test.runners.ChromeRunner"/>
  <testcase name="feature" time="0.005" classname="com.test.runners.ChromeRunner"/>
  <testcase name="feature" time="0.005" classname="com.test.runners.ChromeRunner"/>
  <testcase name="feature" time="0.007" classname="com.test.runners.ChromeRunner"/>
  <testcase name="feature" time="0.003" classname="com.test.runners.ChromeRunner"/>
  <testcase name="feature" time="0.004" classname="com.test.runners.ChromeRunner"/>
  <testcase name="feature" time="0.006" classname="com.test.runners.ChromeRunner"/>
  <testcase name="feature" time="0.007" classname="com.test.runners.ChromeRunner"/>
  <testcase name="feature" time="0.004" classname="com.test.runners.ChromeRunner"/>
  <testcase name="feature" time="0.069" classname="com.test.runners.ChromeRunner"/>
  <testcase name="feature" time="0.003" classname="com.test.runners.ChromeRunner"/>
  <testcase name="feature" time="0.005" classname="com.test.runners.ChromeRunner"/>
  <testcase name="feature" time="0.002" classname="com.test.runners.ChromeRunner"/>
  <testcase name="feature" time="0.007" classname="com.test.runners.ChromeRunner"/>
  <testcase name="feature" time="0.008" classname="com.test.runners.ChromeRunner"/>
  <testcase name="feature" time="0.001" classname="com.test.runners.ChromeRunner"/>
  <testcase name="feature" time="0.008" classname="com.test.runners.ChromeRunner"/>
  <testcase name="feature" time="0.002" classname="com.test.runners.ChromeRunner"/>
  <testcase name="feature" time="0.002" classname="com.test.runners.ChromeRunner"/>
  <testcase name="feature" time="0.004" classname="com.test.runners.ChromeRunner"/>
  <testcase name="feature" time="0.005" classname="com.test.runners.ChromeRunner"/>
  <testcase name="feature" time="0.003" classname="com.test.runners.ChromeRunner"/>
  <testcase name="feature" time="0.006" classname="com.test.runners.ChromeRunner"/>
  <testcase name="feature" time="0.010" classname="com.test.runners.ChromeRunner"/>
  <testcase name="feature" time="0.007" classname="com.test.runners.ChromeRunner"/>
  <testcase name="feature" time="0.005" classname="com.test.runners.ChromeRunner"/>
  <testcase name="feature" time="0.002" classname="com.test.runners.ChromeRunner"/>
  <testcase name="feature" time="0.005" classname="com.test.runners.ChromeRunner"/>
  <testcase name="feature" time="0.007" classname="com.test.runners.ChromeRunner"/>
</testsuite> <!-- com.test.runners.ChromeRunner -->
